2023-01-10 09:52:15,435 INFO PERFORMANCE:|0|0|-1|-1

2023-01-10 09:57:15,445 INFO PERFORMANCE:|1|1|-1|-1

2023-01-10 10:02:15,447 INFO PERFORMANCE:|1|1|-1|-1

2023-01-10 10:07:15,455 INFO PERFORMANCE:|1|1|-1|-1

2023-01-10 10:12:15,463 INFO PERFORMANCE:|1|1|-1|-1

2023-01-10 10:17:15,468 INFO PERFORMANCE:|1|1|-1|-1

2023-01-10 10:22:15,470 INFO PERFORMANCE:|3|3|-1|-1

2023-01-10 10:27:15,485 INFO PERFORMANCE:|3|3|-1|-1

2023-01-10 10:32:15,498 INFO PERFORMANCE:|3|3|-1|-1

2023-01-10 10:37:15,504 INFO PERFORMANCE:|3|3|-1|-1

2023-01-10 10:42:15,513 INFO PERFORMANCE:|3|3|-1|-1

2023-01-10 10:47:15,527 INFO PERFORMANCE:|3|3|-1|-1

2023-01-10 10:52:15,544 INFO PERFORMANCE:|3|3|-1|-1

2023-01-10 10:57:15,559 INFO PERFORMANCE:|3|3|-1|-1

2023-01-10 11:02:15,567 INFO PERFORMANCE:|3|3|-1|-1

2023-01-10 11:07:15,571 INFO PERFORMANCE:|3|3|-1|-1

2023-01-10 11:12:15,576 INFO PERFORMANCE:|3|3|-1|-1

2023-01-10 11:17:15,578 INFO PERFORMANCE:|3|3|-1|-1

2023-01-10 11:22:15,580 INFO PERFORMANCE:|3|3|-1|-1

2023-01-10 11:27:15,598 INFO PERFORMANCE:|3|3|-1|-1

2023-01-10 11:32:15,599 INFO PERFORMANCE:|3|3|-1|-1

2023-01-10 11:37:15,601 INFO PERFORMANCE:|3|3|-1|-1

2023-01-10 14:08:26,083 INFO PERFORMANCE:|3|3|-1|-1

2023-01-10 14:13:26,087 INFO PERFORMANCE:|3|3|-1|-1

2023-01-10 14:18:26,098 INFO PERFORMANCE:|3|3|-1|-1

2023-01-10 14:23:26,114 INFO PERFORMANCE:|3|3|-1|-1

2023-01-10 14:28:26,120 INFO PERFORMANCE:|3|3|-1|-1

2023-01-10 14:33:26,132 INFO PERFORMANCE:|3|3|-1|-1

2023-01-10 14:38:26,141 INFO PERFORMANCE:|3|3|-1|-1

2023-01-10 14:43:26,144 INFO PERFORMANCE:|3|3|-1|-1

2023-01-10 14:48:26,153 INFO PERFORMANCE:|3|3|-1|-1

2023-01-10 14:53:26,167 INFO PERFORMANCE:|3|3|-1|-1

2023-01-10 14:58:26,172 INFO PERFORMANCE:|3|1|-1|-1

2023-01-10 15:03:26,177 INFO PERFORMANCE:|3|3|-1|-1

2023-01-10 15:08:26,188 INFO PERFORMANCE:|3|3|-1|-1

2023-01-10 15:13:26,199 INFO PERFORMANCE:|4|4|-1|-1

2023-01-10 15:18:26,205 INFO PERFORMANCE:|4|4|-1|-1

2023-01-10 15:23:26,214 INFO PERFORMANCE:|4|4|-1|-1

2023-01-10 15:28:26,223 INFO PERFORMANCE:|4|4|-1|-1

2023-01-10 15:33:26,244 INFO PERFORMANCE:|4|4|-1|-1

2023-01-10 15:38:26,263 INFO PERFORMANCE:|4|4|-1|-1

2023-01-10 15:43:26,273 INFO PERFORMANCE:|4|4|-1|-1

2023-01-10 15:48:26,283 INFO PERFORMANCE:|4|4|-1|-1

2023-01-10 15:53:26,303 INFO PERFORMANCE:|4|4|-1|-1

2023-01-10 15:58:26,318 INFO PERFORMANCE:|4|4|-1|-1

2023-01-10 16:03:26,372 INFO PERFORMANCE:|4|4|-1|-1

2023-01-10 16:08:26,378 INFO PERFORMANCE:|4|4|-1|-1

2023-01-10 16:13:26,391 INFO PERFORMANCE:|4|4|-1|-1

2023-01-10 16:18:26,398 INFO PERFORMANCE:|4|4|-1|-1

2023-01-10 16:23:26,399 INFO PERFORMANCE:|4|4|-1|-1

2023-01-10 16:28:26,411 INFO PERFORMANCE:|4|4|-1|-1

2023-01-10 16:33:26,420 INFO PERFORMANCE:|4|4|-1|-1

2023-01-10 16:38:26,423 INFO PERFORMANCE:|4|4|-1|-1

2023-01-10 16:43:26,433 INFO PERFORMANCE:|4|4|-1|-1

2023-01-10 16:48:26,442 INFO PERFORMANCE:|4|4|-1|-1

2023-01-10 16:53:26,456 INFO PERFORMANCE:|4|4|-1|-1

2023-01-10 16:58:26,466 INFO PERFORMANCE:|4|4|-1|-1

2023-01-10 17:03:26,475 INFO PERFORMANCE:|4|4|15|6

2023-01-10 17:08:26,485 INFO PERFORMANCE:|4|4|-1|-1

2023-01-10 17:13:26,492 INFO PERFORMANCE:|4|4|-1|-1

2023-01-10 17:18:26,496 INFO PERFORMANCE:|4|4|-1|-1

2023-01-10 17:23:26,502 INFO PERFORMANCE:|4|4|-1|-1

2023-01-10 17:28:26,512 INFO PERFORMANCE:|4|4|-1|-1

2023-01-10 17:33:26,526 INFO PERFORMANCE:|4|4|-1|-1

2023-01-10 17:38:26,530 INFO PERFORMANCE:|4|3|6|4

2023-01-10 17:43:26,545 INFO PERFORMANCE:|4|0|-1|-1

2023-01-10 17:48:26,546 INFO PERFORMANCE:|4|4|-1|-1

2023-01-10 17:53:26,548 INFO PERFORMANCE:|4|4|-1|-1

